<?xml version="1.0" encoding="utf-8"?><testsuites name="pytest tests"><testsuite name="pytest" errors="0" failures="0" skipped="0" tests="11" time="2.107" timestamp="2026-03-27T15:55:58.306511+00:00" hostname="agent-env-52fde6db-d565-4c4e-be13-ace1762db505"><testcase classname="backend.tests.test_auto_dialer_trigger_words.TestAutoDialerStart" name="test_start_auto_dialer" time="0.826" /><testcase classname="backend.tests.test_auto_dialer_trigger_words.TestAutoDialerStart" name="test_start_auto_dialer_blocked_client" time="0.067" /><testcase classname="backend.tests.test_auto_dialer_trigger_words.TestAutoDialerActive" name="test_get_active_auto_dialers" time="0.049" /><testcase classname="backend.tests.test_auto_dialer_trigger_words.TestAutoDialerStop" name="test_stop_auto_dialer" time="0.180" /><testcase classname="backend.tests.test_auto_dialer_trigger_words.TestTwiMLBlowerMessage" name="test_get_twiml_blower_message" time="0.053" /><testcase classname="backend.tests.test_auto_dialer_trigger_words.TestTriggerWordsLaunch" name="test_launch_max_aggression_with_trigger_words" time="0.108" /><testcase classname="backend.tests.test_auto_dialer_trigger_words.TestTriggerWordsGet" name="test_get_campaign_trigger_words" time="0.134" /><testcase classname="backend.tests.test_auto_dialer_trigger_words.TestTriggerWordsUpdate" name="test_update_campaign_trigger_words" time="0.196" /><testcase classname="backend.tests.test_auto_dialer_trigger_words.TestTriggerWordsUpdate" name="test_update_trigger_words_nonexistent_campaign" time="0.057" /><testcase classname="backend.tests.test_auto_dialer_trigger_words.TestCleanup" name="test_cleanup_test_campaigns" time="0.288" /><testcase classname="backend.tests.test_auto_dialer_trigger_words.TestCleanup" name="test_stop_all_test_auto_dialers" time="0.062" /></testsuite></testsuites>