<?xml version="1.0" encoding="utf-8"?><testsuites name="pytest tests"><testsuite name="pytest" errors="0" failures="0" skipped="0" tests="28" time="51.479" timestamp="2026-03-31T17:47:11.324788+00:00" hostname="agent-env-52fde6db-d565-4c4e-be13-ace1762db505"><testcase classname="backend.tests.test_comprehensive_site_verification.TestAuthentication" name="test_admin_login_success" time="0.393" /><testcase classname="backend.tests.test_comprehensive_site_verification.TestAuthentication" name="test_org_admin_login_success" time="0.433" /><testcase classname="backend.tests.test_comprehensive_site_verification.TestAuthentication" name="test_login_invalid_credentials" time="0.183" /><testcase classname="backend.tests.test_comprehensive_site_verification.TestDashboard" name="test_dashboard_stats" time="0.503" /><testcase classname="backend.tests.test_comprehensive_site_verification.TestDashboard" name="test_analytics_overview" time="0.476" /><testcase classname="backend.tests.test_comprehensive_site_verification.TestClients" name="test_get_clients_admin" time="0.487" /><testcase classname="backend.tests.test_comprehensive_site_verification.TestClients" name="test_get_clients_org_admin" time="0.480" /><testcase classname="backend.tests.test_comprehensive_site_verification.TestClients" name="test_create_and_delete_client" time="0.753" /><testcase classname="backend.tests.test_comprehensive_site_verification.TestClients" name="test_update_client_pipeline_stage" time="0.731" /><testcase classname="backend.tests.test_comprehensive_site_verification.TestInbox" name="test_get_inbox_threads_admin" time="0.479" /><testcase classname="backend.tests.test_comprehensive_site_verification.TestInbox" name="test_get_inbox_threads_org_admin" time="0.479" /><testcase classname="backend.tests.test_comprehensive_site_verification.TestPhoneNumbers" name="test_get_owned_numbers_admin" time="0.462" /><testcase classname="backend.tests.test_comprehensive_site_verification.TestPhoneNumbers" name="test_get_owned_numbers_org_admin" time="0.450" /><testcase classname="backend.tests.test_comprehensive_site_verification.TestDripCampaigns" name="test_get_enhanced_campaigns" time="0.448" /><testcase classname="backend.tests.test_comprehensive_site_verification.TestDripCampaigns" name="test_create_drip_campaign" time="0.611" /><testcase classname="backend.tests.test_comprehensive_site_verification.TestDripCampaigns" name="test_activate_and_delete_campaign" time="0.705" /><testcase classname="backend.tests.test_comprehensive_site_verification.TestLegacyCampaigns" name="test_get_legacy_campaigns" time="0.453" /><testcase classname="backend.tests.test_comprehensive_site_verification.TestSettings" name="test_platform_status" time="0.478" /><testcase classname="backend.tests.test_comprehensive_site_verification.TestCreditShop" name="test_get_credit_packages" time="0.491" /><testcase classname="backend.tests.test_comprehensive_site_verification.TestCreditShop" name="test_get_credit_balance" time="0.473" /><testcase classname="backend.tests.test_comprehensive_site_verification.TestTeam" name="test_get_team_members" time="0.470" /><testcase classname="backend.tests.test_comprehensive_site_verification.TestTeam" name="test_get_team_stats" time="0.477" /><testcase classname="backend.tests.test_comprehensive_site_verification.TestPipeline" name="test_get_clients_for_pipeline" time="0.493" /><testcase classname="backend.tests.test_comprehensive_site_verification.TestDataIsolation" name="test_client_count_isolation" time="0.904" /><testcase classname="backend.tests.test_comprehensive_site_verification.TestDataIsolation" name="test_phone_number_isolation" time="1.013" /><testcase classname="backend.tests.test_comprehensive_site_verification.TestDataIsolation" name="test_inbox_thread_isolation" time="36.989" /><testcase classname="backend.tests.test_comprehensive_site_verification.TestCleanup" name="test_cleanup_test_clients" time="0.600" /><testcase classname="backend.tests.test_comprehensive_site_verification.TestCleanup" name="test_cleanup_test_campaigns" time="0.472" /></testsuite></testsuites>