<?xml version="1.0" encoding="utf-8"?><testsuites name="pytest tests"><testsuite name="pytest" errors="0" failures="0" skipped="0" tests="8" time="2.086" timestamp="2026-03-30T19:51:06.537529+00:00" hostname="agent-env-52fde6db-d565-4c4e-be13-ace1762db505"><testcase classname="backend.tests.test_credit_phone_sms_unread.TestCreditBalance" name="test_get_credit_balance" time="0.523" /><testcase classname="backend.tests.test_credit_phone_sms_unread.TestPhoneNumberPurchase" name="test_purchase_requires_credits" time="0.215" /><testcase classname="backend.tests.test_credit_phone_sms_unread.TestPhoneNumberPurchase" name="test_purchase_without_org_returns_400" time="0.443" /><testcase classname="backend.tests.test_credit_phone_sms_unread.TestSMSSendCredits" name="test_sms_send_deducts_credits" time="0.322" /><testcase classname="backend.tests.test_credit_phone_sms_unread.TestUnreadMessages" name="test_get_unread_messages" time="0.119" /><testcase classname="backend.tests.test_credit_phone_sms_unread.TestUnreadMessages" name="test_mark_message_read" time="0.125" /><testcase classname="backend.tests.test_credit_phone_sms_unread.TestCreditPackages" name="test_get_credit_packages" time="0.147" /><testcase classname="backend.tests.test_credit_phone_sms_unread.TestCreditTransactionHistory" name="test_get_transaction_history" time="0.123" /></testsuite></testsuites>