<?xml version="1.0" encoding="utf-8"?><testsuites name="pytest tests"><testsuite name="pytest" errors="0" failures="0" skipped="0" tests="12" time="5.608" timestamp="2026-03-27T16:33:46.507824+00:00" hostname="agent-env-52fde6db-d565-4c4e-be13-ace1762db505"><testcase classname="backend.tests.test_credit_system.TestCreditSystem" name="test_get_credit_packages_returns_8_packages" time="0.603" /><testcase classname="backend.tests.test_credit_system.TestCreditSystem" name="test_get_credit_balance_returns_org_balance" time="0.439" /><testcase classname="backend.tests.test_credit_system.TestCreditSystem" name="test_get_credit_constants" time="0.460" /><testcase classname="backend.tests.test_credit_system.TestCreditSystem" name="test_admin_can_purchase_credits" time="0.540" /><testcase classname="backend.tests.test_credit_system.TestCreditSystem" name="test_non_admin_cannot_purchase_credits" time="0.456" /><testcase classname="backend.tests.test_credit_system.TestCreditSystem" name="test_get_credit_history" time="0.394" /><testcase classname="backend.tests.test_credit_system.TestCreditSystem" name="test_purchase_invalid_package_fails" time="0.378" /><testcase classname="backend.tests.test_credit_system.TestPhoneNumberCreditDeduction" name="test_phone_number_purchase_deducts_40_credits" time="0.611" /><testcase classname="backend.tests.test_credit_system.TestPhoneNumberCreditDeduction" name="test_phone_number_purchase_fails_insufficient_credits" time="0.393" /><testcase classname="backend.tests.test_credit_system.TestAgentCreditAccess" name="test_agent_can_view_credit_balance" time="0.407" /><testcase classname="backend.tests.test_credit_system.TestAgentCreditAccess" name="test_agent_can_view_packages" time="0.411" /><testcase classname="backend.tests.test_credit_system.TestAgentCreditAccess" name="test_agent_cannot_purchase" time="0.435" /></testsuite></testsuites>