<?xml version="1.0" encoding="utf-8"?><testsuites name="pytest tests"><testsuite name="pytest" errors="0" failures="0" skipped="0" tests="14" time="6.532" timestamp="2026-03-30T20:26:55.995628+00:00" hostname="agent-env-52fde6db-d565-4c4e-be13-ace1762db505"><testcase classname="backend.tests.test_data_isolation_v2.TestDataIsolation" name="test_01_admin_cannot_see_org_admin_mayer_client" time="0.546" /><testcase classname="backend.tests.test_data_isolation_v2.TestDataIsolation" name="test_02_admin_can_see_own_mayer_client" time="0.425" /><testcase classname="backend.tests.test_data_isolation_v2.TestDataIsolation" name="test_03_admin_inbox_threads_org_scoped" time="0.432" /><testcase classname="backend.tests.test_data_isolation_v2.TestDataIsolation" name="test_04_org_admin_can_see_all_clients" time="0.403" /><testcase classname="backend.tests.test_data_isolation_v2.TestDataIsolation" name="test_05_org_admin_can_see_all_inbox_threads" time="0.389" /><testcase classname="backend.tests.test_data_isolation_v2.TestDataIsolation" name="test_06_admin_dashboard_stats_org_scoped" time="0.461" /><testcase classname="backend.tests.test_data_isolation_v2.TestDataIsolation" name="test_07_org_admin_dashboard_stats_global" time="0.412" /><testcase classname="backend.tests.test_data_isolation_v2.TestDataIsolation" name="test_08_admin_phone_numbers_org_scoped" time="0.451" /><testcase classname="backend.tests.test_data_isolation_v2.TestDataIsolation" name="test_09_org_admin_phone_numbers_global" time="0.438" /><testcase classname="backend.tests.test_data_isolation_v2.TestDataIsolation" name="test_10_duplicate_phone_number_purchase_blocked" time="0.452" /><testcase classname="backend.tests.test_data_isolation_v2.TestDataIsolation" name="test_11_admin_cannot_access_org_admin_client_conversation" time="0.411" /><testcase classname="backend.tests.test_data_isolation_v2.TestDataIsolation" name="test_12_admin_can_access_own_client_conversation" time="0.403" /><testcase classname="backend.tests.test_data_isolation_v2.TestDataIsolation" name="test_13_org_admin_can_access_any_client_conversation" time="0.483" /><testcase classname="backend.tests.test_data_isolation_v2.TestCompareClientCounts" name="test_14_compare_client_counts" time="0.755" /></testsuite></testsuites>