<?xml version="1.0" encoding="utf-8"?><testsuites name="pytest tests"><testsuite name="pytest" errors="0" failures="0" skipped="0" tests="15" time="3.464" timestamp="2026-03-26T16:34:45.505671+00:00" hostname="agent-env-52fde6db-d565-4c4e-be13-ace1762db505"><testcase classname="backend.tests.test_drip_campaigns_features.TestPrebuiltCampaigns" name="test_get_prebuilt_campaigns_returns_4_templates" time="0.585" /><testcase classname="backend.tests.test_drip_campaigns_features.TestPrebuiltCampaigns" name="test_get_prebuilt_new_lead_detail" time="0.128" /><testcase classname="backend.tests.test_drip_campaigns_features.TestPrebuiltCampaigns" name="test_get_prebuilt_funded_short_detail" time="0.110" /><testcase classname="backend.tests.test_drip_campaigns_features.TestPrebuiltCampaigns" name="test_get_prebuilt_funded_medium_detail" time="0.136" /><testcase classname="backend.tests.test_drip_campaigns_features.TestPrebuiltCampaigns" name="test_get_prebuilt_funded_long_detail" time="0.131" /><testcase classname="backend.tests.test_drip_campaigns_features.TestPrebuiltCampaigns" name="test_get_prebuilt_invalid_type_returns_404" time="0.108" /><testcase classname="backend.tests.test_drip_campaigns_features.TestCampaignLaunch" name="test_launch_new_lead_campaign" time="0.565" /><testcase classname="backend.tests.test_drip_campaigns_features.TestRemoveClientFromCampaign" name="test_remove_client_from_campaign_endpoint_exists" time="0.178" /><testcase classname="backend.tests.test_drip_campaigns_features.TestActiveClientCampaigns" name="test_get_active_campaigns_for_client" time="0.222" /><testcase classname="backend.tests.test_drip_campaigns_features.TestPhoneNumberDeletionRequest" name="test_request_deletion_endpoint_exists" time="0.233" /><testcase classname="backend.tests.test_drip_campaigns_features.TestAmountRequestedField" name="test_create_client_with_amount_requested" time="0.259" /><testcase classname="backend.tests.test_drip_campaigns_features.TestAmountRequestedField" name="test_update_client_amount_requested" time="0.407" /><testcase classname="backend.tests.test_drip_campaigns_features.TestLeadRevivalRemoved" name="test_lead_revival_endpoint_not_accessible" time="0.111" /><testcase classname="backend.tests.test_drip_campaigns_features.TestCleanup" name="test_cleanup_test_campaigns" time="0.111" /><testcase classname="backend.tests.test_drip_campaigns_features.TestCleanup" name="test_cleanup_test_clients" time="0.108" /></testsuite></testsuites>