<?xml version="1.0" encoding="utf-8"?><testsuites name="pytest tests"><testsuite name="pytest" errors="0" failures="0" skipped="0" tests="10" time="6.082" timestamp="2026-03-11T19:41:48.388829+00:00" hostname="agent-env-a0b81454-c8cd-46cd-bf56-464ba741b6f4"><testcase classname="backend.tests.test_drip_reply_context.TestDripReplyContextFeature" name="test_send_sms_basic" time="0.667" /><testcase classname="backend.tests.test_drip_reply_context.TestDripReplyContextFeature" name="test_send_sms_with_campaign_info" time="0.635" /><testcase classname="backend.tests.test_drip_reply_context.TestDripReplyContextFeature" name="test_simulate_inbound_basic" time="0.731" /><testcase classname="backend.tests.test_drip_reply_context.TestDripReplyContextFeature" name="test_simulate_inbound_with_responding_to_context" time="0.633" /><testcase classname="backend.tests.test_drip_reply_context.TestDripReplyContextFeature" name="test_simulate_inbound_no_prior_outbound" time="0.555" /><testcase classname="backend.tests.test_drip_reply_context.TestDripReplyContextFeature" name="test_conversation_returns_responding_to_field" time="0.739" /><testcase classname="backend.tests.test_drip_reply_context.TestDripReplyContextFeature" name="test_conversation_outbound_has_campaign_name" time="0.594" /><testcase classname="backend.tests.test_drip_reply_context.TestDripReplyContextFeature" name="test_multiple_outbound_messages_reply_links_to_latest" time="0.619" /><testcase classname="backend.tests.test_drip_reply_context.TestDripReplyContextFeature" name="test_invalid_client_id_returns_404" time="0.456" /><testcase classname="backend.tests.test_drip_reply_context.TestExistingTestClient" name="test_existing_client_conversation" time="0.399" /></testsuite></testsuites>