<?xml version="1.0" encoding="utf-8"?><testsuites name="pytest tests"><testsuite name="pytest" errors="0" failures="0" skipped="0" tests="11" time="3.047" timestamp="2026-03-30T21:15:26.929053+00:00" hostname="agent-env-52fde6db-d565-4c4e-be13-ace1762db505"><testcase classname="backend.tests.test_moderation_platform.TestBannedWords" name="test_get_banned_words_any_user" time="0.504" /><testcase classname="backend.tests.test_moderation_platform.TestBannedWords" name="test_add_banned_word_org_admin_only" time="0.569" /><testcase classname="backend.tests.test_moderation_platform.TestBannedWords" name="test_add_banned_word_regular_admin_rejected" time="0.112" /><testcase classname="backend.tests.test_moderation_platform.TestBannedWords" name="test_delete_banned_word_org_admin_only" time="0.341" /><testcase classname="backend.tests.test_moderation_platform.TestBlacklistedNumbers" name="test_get_blacklisted_numbers_any_user" time="0.117" /><testcase classname="backend.tests.test_moderation_platform.TestBlacklistedNumbers" name="test_add_blacklisted_number_org_admin_only" time="0.244" /><testcase classname="backend.tests.test_moderation_platform.TestBlacklistedNumbers" name="test_add_blacklisted_number_regular_admin_rejected" time="0.123" /><testcase classname="backend.tests.test_moderation_platform.TestSMSModeration" name="test_send_sms_with_banned_word_blocked" time="0.129" /><testcase classname="backend.tests.test_moderation_platform.TestSMSModeration" name="test_send_sms_to_blacklisted_number_blocked" time="0.122" /><testcase classname="backend.tests.test_moderation_platform.TestPlatformStatus" name="test_platform_status_returns_twilio_stripe_connected" time="0.147" /><testcase classname="backend.tests.test_moderation_platform.TestPhoneNumbersAvailable" name="test_phone_numbers_available_returns_real_numbers" time="0.572" /></testsuite></testsuites>