<?xml version="1.0" encoding="utf-8"?><testsuites name="pytest tests"><testsuite name="pytest" errors="0" failures="0" skipped="0" tests="17" time="12.443" timestamp="2026-03-14T04:47:11.676208+00:00" hostname="agent-env-a26a777c-8dfa-4bc6-8ecb-74ec61c4ee6b"><testcase classname="backend.tests.test_otp_team_features.TestRegistrationWithOTP" name="test_register_new_user_returns_otp" time="0.628" /><testcase classname="backend.tests.test_otp_team_features.TestRegistrationWithOTP" name="test_verify_otp_success" time="0.445" /><testcase classname="backend.tests.test_otp_team_features.TestRegistrationWithOTP" name="test_verify_otp_invalid_fails" time="0.468" /><testcase classname="backend.tests.test_otp_team_features.TestAdminLogin" name="test_login_admin_user" time="0.346" /><testcase classname="backend.tests.test_otp_team_features.TestTeamLeaderRoleAssignment" name="test_create_user_with_team_leader_role" time="1.152" /><testcase classname="backend.tests.test_otp_team_features.TestTeamLeaderRoleAssignment" name="test_update_user_role_to_team_leader" time="1.257" /><testcase classname="backend.tests.test_otp_team_features.TestTeamLeaderRoleAssignment" name="test_team_leader_in_valid_roles" time="1.191" /><testcase classname="backend.tests.test_otp_team_features.TestAgentAssignmentToTeamLeader" name="test_assign_agent_to_team_leader" time="2.003" /><testcase classname="backend.tests.test_otp_team_features.TestTeamLeaderDashboard" name="test_team_leader_dashboard_endpoint" time="0.502" /><testcase classname="backend.tests.test_otp_team_features.TestGlobalSearch" name="test_search_by_name" time="0.598" /><testcase classname="backend.tests.test_otp_team_features.TestGlobalSearch" name="test_search_by_phone" time="0.634" /><testcase classname="backend.tests.test_otp_team_features.TestAIConversationSummary" name="test_generate_ai_summary_endpoint" time="0.548" /><testcase classname="backend.tests.test_otp_team_features.TestAIConversationSummary" name="test_get_ai_summary_endpoint" time="0.638" /><testcase classname="backend.tests.test_otp_team_features.TestPhoneDialer" name="test_initiate_call_endpoint" time="0.463" /><testcase classname="backend.tests.test_otp_team_features.TestPhoneDialer" name="test_initiate_call_requires_numbers" time="0.442" /><testcase classname="backend.tests.test_otp_team_features.TestClientProfile" name="test_get_client_profile" time="0.539" /><testcase classname="backend.tests.test_otp_team_features.TestTeamMembers" name="test_get_team_members" time="0.491" /></testsuite></testsuites>