<?xml version="1.0" encoding="utf-8"?><testsuites name="pytest tests"><testsuite name="pytest" errors="0" failures="5" skipped="0" tests="17" time="10.861" timestamp="2026-03-14T04:44:21.117250+00:00" hostname="agent-env-a26a777c-8dfa-4bc6-8ecb-74ec61c4ee6b"><testcase classname="backend.tests.test_otp_team_features.TestRegistrationWithOTP" name="test_register_new_user_returns_otp" time="0.447" /><testcase classname="backend.tests.test_otp_team_features.TestRegistrationWithOTP" name="test_verify_otp_success" time="0.452" /><testcase classname="backend.tests.test_otp_team_features.TestRegistrationWithOTP" name="test_verify_otp_invalid_fails" time="0.473" /><testcase classname="backend.tests.test_otp_team_features.TestAdminLogin" name="test_login_admin_user" time="0.332" /><testcase classname="backend.tests.test_otp_team_features.TestTeamLeaderRoleAssignment" name="test_create_user_with_team_leader_role" time="1.240" /><testcase classname="backend.tests.test_otp_team_features.TestTeamLeaderRoleAssignment" name="test_update_user_role_to_team_leader" time="1.022"><failure message="KeyError: 'id'">backend/tests/test_otp_team_features.py:169: in test_update_user_role_to_team_leader
    user_id = create_response.json()["id"]
              ^^^^^^^^^^^^^^^^^^^^^^^^^^^^
E   KeyError: 'id'</failure></testcase><testcase classname="backend.tests.test_otp_team_features.TestTeamLeaderRoleAssignment" name="test_team_leader_in_valid_roles" time="1.119"><failure message="assert 200 == 400&#10; +  where 200 = &lt;Response [200]&gt;.status_code">backend/tests/test_otp_team_features.py:202: in test_team_leader_in_valid_roles
    assert create_response.status_code == 400
E   assert 200 == 400
E    +  where 200 = &lt;Response [200]&gt;.status_code</failure></testcase><testcase classname="backend.tests.test_otp_team_features.TestAgentAssignmentToTeamLeader" name="test_assign_agent_to_team_leader" time="1.078"><failure message="KeyError: 'id'">backend/tests/test_otp_team_features.py:232: in test_assign_agent_to_team_leader
    leader_id = tl_response.json()["id"]
                ^^^^^^^^^^^^^^^^^^^^^^^^
E   KeyError: 'id'</failure></testcase><testcase classname="backend.tests.test_otp_team_features.TestTeamLeaderDashboard" name="test_team_leader_dashboard_endpoint" time="0.431" /><testcase classname="backend.tests.test_otp_team_features.TestGlobalSearch" name="test_search_by_name" time="0.565" /><testcase classname="backend.tests.test_otp_team_features.TestGlobalSearch" name="test_search_by_phone" time="0.549"><failure message="assert 0 &gt; 0&#10; +  where 0 = len([])">backend/tests/test_otp_team_features.py:363: in test_search_by_phone
    assert len(data["clients"]) &gt; 0
E   assert 0 &gt; 0
E    +  where 0 = len([])</failure></testcase><testcase classname="backend.tests.test_otp_team_features.TestAIConversationSummary" name="test_generate_ai_summary_endpoint" time="0.547" /><testcase classname="backend.tests.test_otp_team_features.TestAIConversationSummary" name="test_get_existing_summary" time="0.558"><failure message="assert 404 == 200&#10; +  where 404 = &lt;Response [404]&gt;.status_code">backend/tests/test_otp_team_features.py:432: in test_get_existing_summary
    assert get_response.status_code == 200
E   assert 404 == 200
E    +  where 404 = &lt;Response [404]&gt;.status_code</failure></testcase><testcase classname="backend.tests.test_otp_team_features.TestPhoneDialer" name="test_initiate_call_endpoint" time="0.454" /><testcase classname="backend.tests.test_otp_team_features.TestPhoneDialer" name="test_initiate_call_requires_numbers" time="0.443" /><testcase classname="backend.tests.test_otp_team_features.TestClientProfile" name="test_get_client_profile" time="0.572" /><testcase classname="backend.tests.test_otp_team_features.TestTeamMembers" name="test_get_team_members" time="0.451" /></testsuite></testsuites>