<?xml version="1.0" encoding="utf-8"?><testsuites name="pytest tests"><testsuite name="pytest" errors="0" failures="0" skipped="0" tests="12" time="6.498" timestamp="2026-03-23T21:05:03.296141+00:00" hostname="agent-env-52fde6db-d565-4c4e-be13-ace1762db505"><testcase classname="backend.tests.test_phone_number_assignment.TestPhoneNumberAssignment" name="test_admin_login" time="0.451" /><testcase classname="backend.tests.test_phone_number_assignment.TestPhoneNumberAssignment" name="test_agent_login" time="0.363" /><testcase classname="backend.tests.test_phone_number_assignment.TestPhoneNumberAssignment" name="test_admin_sees_all_org_numbers" time="0.384" /><testcase classname="backend.tests.test_phone_number_assignment.TestPhoneNumberAssignment" name="test_agent_sees_only_assigned_numbers" time="0.457" /><testcase classname="backend.tests.test_phone_number_assignment.TestPhoneNumberAssignment" name="test_admin_can_assign_number_to_agent" time="0.576" /><testcase classname="backend.tests.test_phone_number_assignment.TestPhoneNumberAssignment" name="test_admin_can_unassign_number" time="0.462" /><testcase classname="backend.tests.test_phone_number_assignment.TestPhoneNumberAssignment" name="test_agent_cannot_update_phone_numbers" time="0.514" /><testcase classname="backend.tests.test_phone_number_assignment.TestPhoneNumberAssignment" name="test_assignment_updates_org_id" time="0.502" /><testcase classname="backend.tests.test_phone_number_assignment.TestPhoneNumberVisibilityInInbox" name="test_admin_inbox_phone_numbers" time="0.412" /><testcase classname="backend.tests.test_phone_number_assignment.TestPhoneNumberVisibilityInInbox" name="test_agent_inbox_phone_numbers" time="0.414" /><testcase classname="backend.tests.test_phone_number_assignment.TestPhoneNumbersPageAssignment" name="test_get_team_members_for_assignment" time="0.400" /><testcase classname="backend.tests.test_phone_number_assignment.TestPhoneNumbersPageAssignment" name="test_full_assignment_workflow" time="1.494" /></testsuite></testsuites>