<?xml version="1.0" encoding="utf-8"?><testsuites name="pytest tests"><testsuite name="pytest" errors="0" failures="0" skipped="0" tests="6" time="4.809" timestamp="2026-03-30T19:23:16.263109+00:00" hostname="agent-env-52fde6db-d565-4c4e-be13-ace1762db505"><testcase classname="backend.tests.test_phone_sms_fixes.TestPhoneNumberSearch" name="test_search_718_area_code_no_toll_free" time="1.291" /><testcase classname="backend.tests.test_phone_sms_fixes.TestPhoneNumberSearch" name="test_search_813_area_code_sms_enabled" time="0.836" /><testcase classname="backend.tests.test_phone_sms_fixes.TestPhoneNumberSearch" name="test_search_invalid_area_code_999" time="1.109" /><testcase classname="backend.tests.test_phone_sms_fixes.TestSMSSending" name="test_send_sms_from_mock_number_blocked" time="0.408" /><testcase classname="backend.tests.test_phone_sms_fixes.TestSMSSending" name="test_send_sms_from_real_twilio_number" time="0.694" /><testcase classname="backend.tests.test_phone_sms_fixes.TestPhoneNumbersOwned" name="test_owned_numbers_have_twilio_purchased_field" time="0.420" /></testsuite></testsuites>