<?xml version="1.0" encoding="utf-8"?><testsuites name="pytest tests"><testsuite name="pytest" errors="0" failures="0" skipped="0" tests="8" time="1.911" timestamp="2026-03-27T14:37:43.404626+00:00" hostname="agent-env-52fde6db-d565-4c4e-be13-ace1762db505"><testcase classname="tests.test_phone_blower_max_aggression.TestMaxAggressionDrip" name="test_prebuilt_campaigns_returns_max_aggression" time="1.109" /><testcase classname="tests.test_phone_blower_max_aggression.TestMaxAggressionDrip" name="test_max_aggression_detail" time="0.059" /><testcase classname="tests.test_phone_blower_max_aggression.TestPhoneBlowerQueue" name="test_get_call_queue" time="0.084" /><testcase classname="tests.test_phone_blower_max_aggression.TestPhoneBlowerAnalytics" name="test_get_analytics" time="0.067" /><testcase classname="tests.test_phone_blower_max_aggression.TestPhoneBlowerLeadProfile" name="test_get_lead_profile" time="0.138" /><testcase classname="tests.test_phone_blower_max_aggression.TestPhoneBlowerCallLogging" name="test_log_call_disposition" time="0.202" /><testcase classname="tests.test_phone_blower_max_aggression.TestPhoneBlowerCallLogging" name="test_invalid_disposition_rejected" time="0.128" /><testcase classname="tests.test_phone_blower_max_aggression.TestPhoneBlowerSettings" name="test_get_settings" time="0.050" /></testsuite></testsuites>