<?xml version="1.0" encoding="utf-8"?><testsuites name="pytest tests"><testsuite name="pytest" errors="0" failures="0" skipped="0" tests="12" time="8.450" timestamp="2026-03-24T16:26:45.978363+00:00" hostname="agent-env-52fde6db-d565-4c4e-be13-ace1762db505"><testcase classname="backend.tests.test_phone_number_purchasing.TestPhoneNumberPurchasing" name="test_admin_purchase_status" time="0.544" /><testcase classname="backend.tests.test_phone_number_purchasing.TestPhoneNumberPurchasing" name="test_agent_purchase_status_when_allowed" time="0.750" /><testcase classname="backend.tests.test_phone_number_purchasing.TestPhoneNumberPurchasing" name="test_agent_purchase_status_when_blocked" time="0.774" /><testcase classname="backend.tests.test_phone_number_purchasing.TestPhoneNumberPurchasing" name="test_admin_get_phone_settings" time="0.409" /><testcase classname="backend.tests.test_phone_number_purchasing.TestPhoneNumberPurchasing" name="test_admin_update_phone_settings" time="0.518" /><testcase classname="backend.tests.test_phone_number_purchasing.TestPhoneNumberPurchasing" name="test_org_admin_toggle_allow_rep_purchases" time="0.503" /><testcase classname="backend.tests.test_phone_number_purchasing.TestPhoneNumberPurchasing" name="test_org_admin_set_monthly_limit" time="0.489" /><testcase classname="backend.tests.test_phone_number_purchasing.TestPhoneNumberPurchasing" name="test_admin_can_purchase_phone_number" time="0.422" /><testcase classname="backend.tests.test_phone_number_purchasing.TestPhoneNumberPurchasing" name="test_agent_purchase_auto_assigns" time="1.174" /><testcase classname="backend.tests.test_phone_number_purchasing.TestPhoneNumberPurchasing" name="test_agent_blocked_when_org_disables_purchases" time="0.802" /><testcase classname="backend.tests.test_phone_number_purchasing.TestPhoneNumberPurchasing" name="test_agent_blocked_when_monthly_limit_reached" time="1.496" /><testcase classname="backend.tests.test_phone_number_purchasing.TestCleanupOrgSettings" name="test_restore_org_settings" time="0.502" /></testsuite></testsuites>