<?xml version="1.0" encoding="utf-8"?><testsuites name="pytest tests"><testsuite name="pytest" errors="0" failures="0" skipped="0" tests="7" time="4.374" timestamp="2026-03-26T16:57:41.829990+00:00" hostname="agent-env-52fde6db-d565-4c4e-be13-ace1762db505"><testcase classname="backend.tests.test_projections_campaigns.TestProjectionsAndCampaigns" name="test_get_system_projections" time="0.958" /><testcase classname="backend.tests.test_projections_campaigns.TestProjectionsAndCampaigns" name="test_get_campaigns_enhanced_no_500_error" time="0.483" /><testcase classname="backend.tests.test_projections_campaigns.TestProjectionsAndCampaigns" name="test_campaigns_have_active_status" time="0.489" /><testcase classname="backend.tests.test_projections_campaigns.TestProjectionsAndCampaigns" name="test_get_prebuilt_campaigns_list" time="0.476" /><testcase classname="backend.tests.test_projections_campaigns.TestProjectionsAndCampaigns" name="test_get_prebuilt_campaign_detail" time="0.470" /><testcase classname="backend.tests.test_projections_campaigns.TestProjectionsAndCampaigns" name="test_launch_prebuilt_campaign_returns_required_fields" time="0.935" /><testcase classname="backend.tests.test_projections_campaigns.TestProjectionsFormulas" name="test_projections_formula_values" time="0.499" /></testsuite></testsuites>