<?xml version="1.0" encoding="utf-8"?><testsuites name="pytest tests"><testsuite name="pytest" errors="0" failures="0" skipped="0" tests="14" time="8.202" timestamp="2026-03-11T01:14:47.803269+00:00" hostname="agent-env-7390d5b4-c9f1-406f-b226-0d9af311fe85"><testcase classname="backend.tests.test_tag_template_features.TestTagAndTemplateFeatures" name="test_get_available_tags" time="0.556" /><testcase classname="backend.tests.test_tag_template_features.TestTagAndTemplateFeatures" name="test_create_client_with_tags" time="0.422" /><testcase classname="backend.tests.test_tag_template_features.TestTagAndTemplateFeatures" name="test_update_client_tags" time="0.658" /><testcase classname="backend.tests.test_tag_template_features.TestTagAndTemplateFeatures" name="test_filter_clients_by_tag" time="0.649" /><testcase classname="backend.tests.test_tag_template_features.TestTagAndTemplateFeatures" name="test_get_owned_phone_numbers" time="0.416" /><testcase classname="backend.tests.test_tag_template_features.TestTagAndTemplateFeatures" name="test_purchase_phone_number" time="0.406" /><testcase classname="backend.tests.test_tag_template_features.TestTagAndTemplateFeatures" name="test_get_templates" time="0.399" /><testcase classname="backend.tests.test_tag_template_features.TestTagAndTemplateFeatures" name="test_create_template" time="0.398" /><testcase classname="backend.tests.test_tag_template_features.TestTagAndTemplateFeatures" name="test_send_template_with_from_number" time="0.874" /><testcase classname="backend.tests.test_tag_template_features.TestTagAndTemplateFeatures" name="test_send_template_without_from_number" time="0.686" /><testcase classname="backend.tests.test_tag_template_features.TestTagAndTemplateFeatures" name="test_initiate_call_with_from_number" time="0.727" /><testcase classname="backend.tests.test_tag_template_features.TestTagAndTemplateFeatures" name="test_initiate_call_without_from_number" time="0.514" /><testcase classname="backend.tests.test_tag_template_features.TestTagAndTemplateFeatures" name="test_get_conversation_chains" time="0.591" /><testcase classname="backend.tests.test_tag_template_features.TestTagAndTemplateFeatures" name="test_send_sms_with_from_number" time="0.781" /></testsuite></testsuites>