<?xml version="1.0" encoding="utf-8"?><testsuites name="pytest tests"><testsuite name="pytest" errors="0" failures="0" skipped="0" tests="26" time="4.377" timestamp="2026-03-10T19:58:12.776682+00:00" hostname="agent-env-9298c166-2921-4e17-93f7-2f95c95c2d25"><testcase classname="tests.test_enhanced_features.TestAuthentication" name="test_login_success" time="0.419" /><testcase classname="tests.test_enhanced_features.TestAuthentication" name="test_login_invalid_credentials" time="0.161" /><testcase classname="tests.test_enhanced_features.TestRootAPI" name="test_api_version" time="0.117" /><testcase classname="tests.test_enhanced_features.TestDashboard" name="test_dashboard_stats" time="0.448" /><testcase classname="tests.test_enhanced_features.TestEnhancedCampaigns" name="test_get_enhanced_campaigns" time="0.111" /><testcase classname="tests.test_enhanced_features.TestEnhancedCampaigns" name="test_create_enhanced_campaign" time="0.295" /><testcase classname="tests.test_enhanced_features.TestFollowUps" name="test_get_todays_followups" time="0.150" /><testcase classname="tests.test_enhanced_features.TestFollowUps" name="test_get_missed_followups" time="0.147" /><testcase classname="tests.test_enhanced_features.TestAnalytics" name="test_analytics_overview" time="0.124" /><testcase classname="tests.test_enhanced_features.TestAnalytics" name="test_analytics_with_date_range" time="0.146" /><testcase classname="tests.test_enhanced_features.TestLeadCapture" name="test_get_lead_forms" time="0.122" /><testcase classname="tests.test_enhanced_features.TestLeadCapture" name="test_create_lead_form" time="0.197" /><testcase classname="tests.test_enhanced_features.TestLeadCapture" name="test_create_webhook" time="0.135" /><testcase classname="tests.test_enhanced_features.TestCompliance" name="test_get_compliance_settings" time="0.136" /><testcase classname="tests.test_enhanced_features.TestCompliance" name="test_get_opt_outs" time="0.112" /><testcase classname="tests.test_enhanced_features.TestCompliance" name="test_update_compliance_settings" time="0.161" /><testcase classname="tests.test_enhanced_features.TestRevival" name="test_get_revival_campaigns" time="0.121" /><testcase classname="tests.test_enhanced_features.TestRevival" name="test_create_revival_campaign" time="0.157" /><testcase classname="tests.test_enhanced_features.TestSegments" name="test_get_all_tags" time="0.108" /><testcase classname="tests.test_enhanced_features.TestSegments" name="test_get_pipeline_stats" time="0.124" /><testcase classname="tests.test_enhanced_features.TestNotifications" name="test_get_notifications" time="0.114" /><testcase classname="tests.test_enhanced_features.TestNotifications" name="test_get_unread_notifications" time="0.119" /><testcase classname="tests.test_enhanced_features.TestInbox" name="test_get_inbox_conversations" time="0.113" /><testcase classname="tests.test_enhanced_features.TestInbox" name="test_search_conversations" time="0.140" /><testcase classname="tests.test_enhanced_features.TestAppointments" name="test_get_appointment_types" time="0.105" /><testcase classname="tests.test_enhanced_features.TestAppointments" name="test_get_appointments" time="0.108" /></testsuite></testsuites>