<?xml version="1.0" encoding="utf-8"?><testsuites name="pytest tests"><testsuite name="pytest" errors="0" failures="0" skipped="0" tests="12" time="3.931" timestamp="2026-03-31T22:13:29.911466+00:00" hostname="agent-env-52fde6db-d565-4c4e-be13-ace1762db505"><testcase classname="backend.tests.test_stripe_config.TestStripeConfigAuth" name="test_get_stripe_config_requires_auth" time="0.151" /><testcase classname="backend.tests.test_stripe_config.TestStripeConfigAuth" name="test_post_stripe_config_requires_auth" time="0.129" /><testcase classname="backend.tests.test_stripe_config.TestStripeConfigAuth" name="test_get_stripe_config_rejects_non_org_admin" time="0.438" /><testcase classname="backend.tests.test_stripe_config.TestStripeConfigAuth" name="test_post_stripe_config_rejects_non_org_admin" time="0.107" /><testcase classname="backend.tests.test_stripe_config.TestStripeConfigCRUD" name="test_get_stripe_config_org_admin_success" time="0.446" /><testcase classname="backend.tests.test_stripe_config.TestStripeConfigCRUD" name="test_post_stripe_config_requires_secret_key" time="0.108" /><testcase classname="backend.tests.test_stripe_config.TestStripeConfigCRUD" name="test_post_stripe_config_validates_key" time="0.266" /><testcase classname="backend.tests.test_stripe_config.TestPlatformStatusStripe" name="test_platform_status_org_admin_sees_stripe" time="0.429" /><testcase classname="backend.tests.test_stripe_config.TestPlatformStatusStripe" name="test_platform_status_non_org_admin_no_stripe" time="0.437" /><testcase classname="backend.tests.test_stripe_config.TestPaymentsUseDBKeys" name="test_checkout_endpoint_works_with_db_keys" time="0.717" /><testcase classname="backend.tests.test_stripe_config.TestPaymentsUseDBKeys" name="test_checkout_status_endpoint_exists" time="0.210" /><testcase classname="backend.tests.test_stripe_config.TestStripeConfigDataPersistence" name="test_stripe_config_shows_database_source" time="0.427" /></testsuite></testsuites>