<?xml version="1.0" encoding="utf-8"?><testsuites name="pytest tests"><testsuite name="pytest" errors="0" failures="1" skipped="0" tests="9" time="4.582" timestamp="2026-03-31T15:27:22.613014+00:00" hostname="agent-env-52fde6db-d565-4c4e-be13-ace1762db505"><testcase classname="backend.tests.test_strict_data_isolation.TestOrgAdminStrictIsolation" name="test_01_org_admin_clients_only_own_data" time="0.506" /><testcase classname="backend.tests.test_strict_data_isolation.TestOrgAdminStrictIsolation" name="test_02_org_admin_phone_numbers_only_own_data" time="0.399" /><testcase classname="backend.tests.test_strict_data_isolation.TestOrgAdminStrictIsolation" name="test_03_org_admin_inbox_threads_only_own_data" time="0.420"><failure message="AssertionError: FAIL: org_admin's inbox contains John's Mayer client - strict isolation broken!&#10;assert '74654ebf-a1c6-429a-89d9-c09d7c9e8abf' not in ['74654ebf-a1c6-429a-89d9-c09d7c9e8abf', 'e797c27f-1e30-412d-8d2f-46f66755d265']">backend/tests/test_strict_data_isolation.py:128: in test_03_org_admin_inbox_threads_only_own_data
    assert JOHN_MAYER_CLIENT_ID not in thread_client_ids, \
E   AssertionError: FAIL: org_admin's inbox contains John's Mayer client - strict isolation broken!
E   assert '74654ebf-a1c6-429a-89d9-c09d7c9e8abf' not in ['74654ebf-a1c6-429a-89d9-c09d7c9e8abf', 'e797c27f-1e30-412d-8d2f-46f66755d265']</failure></testcase><testcase classname="backend.tests.test_strict_data_isolation.TestAdminOrgIsolation" name="test_04_admin_cannot_see_org_admin_clients" time="0.413" /><testcase classname="backend.tests.test_strict_data_isolation.TestAdminOrgIsolation" name="test_05_admin_cannot_see_org_admin_phone_numbers" time="0.398" /><testcase classname="backend.tests.test_strict_data_isolation.TestAdminOrgIsolation" name="test_06_admin_cannot_access_org_admin_client_conversation" time="0.419" /><testcase classname="backend.tests.test_strict_data_isolation.TestDuplicatePhoneNumberPrevention" name="test_07_duplicate_phone_number_purchase_blocked" time="0.492" /><testcase classname="backend.tests.test_strict_data_isolation.TestCompareDataCounts" name="test_08_org_admin_sees_fewer_or_equal_clients_than_before" time="0.734" /><testcase classname="backend.tests.test_strict_data_isolation.TestCompareDataCounts" name="test_09_org_admin_sees_fewer_or_equal_phone_numbers_than_before" time="0.708" /></testsuite></testsuites>