<?xml version="1.0" encoding="utf-8"?><testsuites name="pytest tests"><testsuite name="pytest" errors="0" failures="0" skipped="0" tests="14" time="16.008" timestamp="2026-03-12T17:40:47.506565+00:00" hostname="agent-env-e281e966-9dab-4609-ac65-95a6348ec6fc"><testcase classname="backend.tests.test_organizations.TestOrgAdminLogin" name="test_login_org_admin_returns_correct_role" time="3.692" /><testcase classname="backend.tests.test_organizations.TestOrganizationsAPI" name="test_get_organizations_list" time="0.506" /><testcase classname="backend.tests.test_organizations.TestOrganizationsAPI" name="test_get_organization_stats" time="0.504" /><testcase classname="backend.tests.test_organizations.TestOrganizationsAPI" name="test_create_organization" time="0.658" /><testcase classname="backend.tests.test_organizations.TestOrganizationsAPI" name="test_create_organization_duplicate_name_fails" time="0.700" /><testcase classname="backend.tests.test_organizations.TestOrganizationsAPI" name="test_get_organization_details" time="0.750" /><testcase classname="backend.tests.test_organizations.TestOrganizationsAPI" name="test_delete_organization" time="0.745" /><testcase classname="backend.tests.test_organizations.TestOrganizationUsers" name="test_add_user_to_organization" time="1.258" /><testcase classname="backend.tests.test_organizations.TestOrganizationUsers" name="test_add_admin_user_to_organization" time="1.015" /><testcase classname="backend.tests.test_organizations.TestOrganizationUsers" name="test_list_organization_users" time="1.192" /><testcase classname="backend.tests.test_organizations.TestOrganizationUsers" name="test_remove_user_from_organization" time="1.097" /><testcase classname="backend.tests.test_organizations.TestOrganizationUsers" name="test_cannot_create_org_admin_user" time="0.718" /><testcase classname="backend.tests.test_organizations.TestNonOrgAdminAccess" name="test_regular_user_cannot_list_organizations" time="1.498" /><testcase classname="backend.tests.test_organizations.TestNonOrgAdminAccess" name="test_regular_user_cannot_create_organization" time="1.493" /></testsuite></testsuites>