<?xml version="1.0" encoding="utf-8"?><testsuites name="pytest tests"><testsuite name="pytest" errors="0" failures="0" skipped="0" tests="9" time="2.363" timestamp="2026-03-30T18:55:52.141249+00:00" hostname="agent-env-52fde6db-d565-4c4e-be13-ace1762db505"><testcase classname="backend.tests.test_twilio_integration.TestSMSStatus" name="test_sms_status_returns_configured" time="0.593" /><testcase classname="backend.tests.test_twilio_integration.TestPhoneNumberSearch" name="test_search_available_numbers_with_area_code" time="0.551" /><testcase classname="backend.tests.test_twilio_integration.TestPhoneNumberSearch" name="test_search_available_numbers_different_area_code" time="0.391" /><testcase classname="backend.tests.test_twilio_integration.TestOwnedPhoneNumbers" name="test_get_owned_numbers" time="0.122" /><testcase classname="backend.tests.test_twilio_integration.TestSMSWebhooks" name="test_inbound_webhook_returns_twiml" time="0.128" /><testcase classname="backend.tests.test_twilio_integration.TestSMSWebhooks" name="test_inbound_webhook_empty_body" time="0.107" /><testcase classname="backend.tests.test_twilio_integration.TestSMSWebhooks" name="test_status_webhook_returns_twiml" time="0.117" /><testcase classname="backend.tests.test_twilio_integration.TestSMSWebhooks" name="test_status_webhook_with_error_code" time="0.165" /><testcase classname="backend.tests.test_twilio_integration.TestLegacyInboundEndpoint" name="test_legacy_inbound_returns_twiml" time="0.129" /></testsuite></testsuites>